03/12/2020 21:20:49 ======================Program.Start Product=dr.fone - eraser, Version=10.2.4.302
03/12/2020 21:20:49 Program.InitLog
03/12/2020 21:20:49 <SE>: Init Log Complete
03/12/2020 21:20:49 Program.InitCustomize
03/12/2020 21:20:50 <SE>: Init Customize Complete
03/12/2020 21:20:50 <SE>: Init Config Complete!
03/12/2020 21:20:50 InitDataBaseInfo Success
03/12/2020 21:20:50 <SE>: Init RegisterModule Complete
03/12/2020 21:20:50 <SE>: Init Bugsplat Complete!
03/12/2020 21:20:50 Program.InitApp
03/12/2020 21:20:50 <SE>: Init App Complete
03/12/2020 21:20:50 <USB DEBUG> start requesting...
03/12/2020 21:20:50 /Users/.Android
03/12/2020 21:20:50 /Users/leodong/.config/Wondershare/Dr.Fone/Rating
03/12/2020 21:20:50 <SE>: Start MainForm
03/12/2020 21:20:51 RegisterUSBDevicesNotify handle:140472793441680
03/12/2020 21:20:51 MacUsbNotifier  StartMonitor start
03/12/2020 21:20:51 MacUsbNotifier  StopMonitor
03/12/2020 21:20:51 MacOS  StartMonitorWorker start
03/12/2020 21:20:51 MacUsbNotifier  DoListen start
03/12/2020 21:20:51 MacUsb DeviceConnectCallback 
03/12/2020 21:20:51 <USB DEBUG> start parsing json...
03/12/2020 21:20:51 <USB DEBUG> value compare: 1-1
03/12/2020 21:20:51 SetSystemSleep start
03/12/2020 21:20:51 SetSystemSleep end
03/12/2020 21:20:51 <SE_Main>: scan devices...
03/12/2020 21:20:51 ConnectionScanTask start
03/12/2020 21:20:51 ConnectionScanTask End
03/12/2020 21:20:51 ConnectionHub.AddConnection(IOService:/IOResources/AppleUSBHostResources/AppleUSBLegacyRoot/AppleUSBXHCI@00000000/iPhone@00200000, iOS, 6324155f741e7ea703a38fe361ca41fedddd80d0)
03/12/2020 21:20:51 Connection inserter Start
03/12/2020 21:20:51 Connection inserter create new device
03/12/2020 21:20:51 Connection inserter device is iOS
03/12/2020 21:20:51 Connection inserter AddService
03/12/2020 21:20:51 Device manager add device SerialNumber: 6324155f741e7ea703a38fe361ca41fedddd80d0
03/12/2020 21:20:51 <SE_Main>: First find device, Form OnLoad Event
03/12/2020 21:20:51 <FindNeedConnectedDevice> enter...
03/12/2020 21:20:51 <SE_Main>: Current Devices count: 1
03/12/2020 21:20:51 <SE_Main>: Current connecting Devices count: 1
03/12/2020 21:20:51 <SE_Main>: Current Connect Device：iPhone
03/12/2020 21:20:51 <ShowPage> enter...
03/12/2020 21:20:51 <SE_MainCtrl>: DisposePages()
03/12/2020 21:20:51 <SE_MainCtrl>: Start a new device's Wipe journey...
03/12/2020 21:20:51 <SE_MainCtrl>: StartConnect(),curPlatform: Android
03/12/2020 21:20:51 Connection begin IOService:/IOResources/AppleUSBHostResources/AppleUSBLegacyRoot/AppleUSBXHCI@00000000/iPhone@00200000
03/12/2020 21:20:51 [DC_UsbTask] try connect, Times: 1
03/12/2020 21:20:51 [DC_IOSCOT] Initialize ios start.
03/12/2020 21:20:51 [DC_Listener] DoCheckService result: True
03/12/2020 21:20:51 [DC_IOSCOT] Initialize, ios service running
03/12/2020 21:20:51 Connection step Checking
03/12/2020 21:20:51 [DC_UsbTask] start wait system installing.
03/12/2020 21:20:51 [DC_UsbTask] end wait system installing.
03/12/2020 21:20:51 [DC_UsbTask] start wait FindExpectInterface
03/12/2020 21:20:51 [DC_UsbTask] end wait FindExpectInterface.
03/12/2020 21:20:51 [DC_UsbTask] start PrepareCheck.
03/12/2020 21:20:51 [DC_UsbTask] end PrepareCheck.
03/12/2020 21:20:51 [DC_UsbTask] start GetConnectTask
03/12/2020 21:20:51 [DC-BSCOT] BC-DoConnection enter..
03/12/2020 21:20:51 [DC-BSCOT] BC-GetWaitReadyTask skip..
03/12/2020 21:20:51 [DC-BSCOT] BC-GetWaitReadyTask enter..
03/12/2020 21:20:51 [DC-BSCOT] BC-WaitReadyWorker enter..
03/12/2020 21:20:51 Connection step WaitReady
03/12/2020 21:20:51 [DC_IOSCOT]DoWaitReady Start
03/12/2020 21:20:51 [DC_IOSCOT] DoWaitReady before WaitDriverInstallDone
03/12/2020 21:20:51 [DC_IOSCOT] DoWaitReady End WaitDriverInstallDone
03/12/2020 21:20:51 [DC_IOSCOT] DoWaitReady before InitService
03/12/2020 21:20:51 [DC_IOSCOT]InitService began
03/12/2020 21:20:51 [DC_IOSCOT] Initialize ios start.
03/12/2020 21:20:51 [DC_Listener] DoCheckService result: True
03/12/2020 21:20:51 [DC_IOSCOT] Initialize, ios service running
03/12/2020 21:20:51 [DC_IOSCOT] DoWaitReady end InitService
03/12/2020 21:20:51 [DC_IOSCOT] start listen and wait.
03/12/2020 21:20:51 [DC_IOSCOT] wait ready STEP_1
03/12/2020 21:20:51 [DC_IOSCOT] service_listen: True
03/12/2020 21:20:51 [DC_IOSCOT] wait ready STEP_2
03/12/2020 21:20:51 <SE_MainControl> StepChanged: Checking - Checking - 
03/12/2020 21:20:51 <SE_MainControl> StepChanged: WaitReady - WaitReady - 
03/12/2020 21:20:51 Download apple name file path is: /Users/leodong/.config/Wondershare/Dr.Fone/Drivers/AppleiOSNames.plist
03/12/2020 21:20:52 start update apple name file
03/12/2020 21:20:52 Old apple name path is: /Users/leodong/Library/Application Support/DrFoneApps/com.wondershare.drfonemac.eraser/dr.fone-Data Eraser.app/Contents/Resources/Drivers/AppleiOSNames.plist
03/12/2020 21:20:52 Start download apple name file
03/12/2020 21:20:52 DownloadFile completed
03/12/2020 21:20:52 end update apple name file
03/12/2020 21:20:52 Download apple name file success 
03/12/2020 21:20:52 [DC_Listener] NotificationWaitHandles wait event: 6324155f741e7ea703a38fe361ca41fedddd80d0
03/12/2020 21:20:52 [DC_IOSCOT] wait_device: True
03/12/2020 21:20:52 [DC_IOSCOT] listen and wait both ok.
03/12/2020 21:20:52 [DC_IOSCOT]InitService began
03/12/2020 21:20:52 [DC_IOSCOT] Initialize ios start.
03/12/2020 21:20:52 [DC_Listener] DoCheckService result: True
03/12/2020 21:20:52 [DC_IOSCOT] Initialize, ios service running
03/12/2020 21:20:52 [DC_IOSCOT]DoWaitReady End DeviceListener 
03/12/2020 21:20:52 [DC_IOSCOT] start WaitReady Task
03/12/2020 21:20:52 WaitReadyTask start
03/12/2020 21:20:52 WaitReadyState AllReady
03/12/2020 21:20:52 Before WaitReady
03/12/2020 21:20:52 Start WaitReady
03/12/2020 21:20:52 Before HavePairedRecord
03/12/2020 21:20:52 After HavePairedRecord
03/12/2020 21:20:52 Connection step Ready
03/12/2020 21:20:52 <SE_MainControl> StepChanged: Ready - Ready - 
03/12/2020 21:20:52 <SE_MainControl> StepChanged: Ready - Ready - 
03/12/2020 21:20:52 [DC_IOSCOT]DoWaitReady End
03/12/2020 21:20:52 [DC-BSCOT] BC-GetWaitReadyTask result: Online
03/12/2020 21:20:52 Connection step StartSession
03/12/2020 21:20:52 <SE_MainControl> StepChanged: StartSession - StartSession - 
03/12/2020 21:20:52 Connection step LoadInfo
03/12/2020 21:20:52 <SE_MainControl> StepChanged: LoadInfo - LoadInfo - 
03/12/2020 21:20:52 <SE_MainControl> StepChanged: LoadInfo - LoadInfo - 
03/12/2020 21:20:52 Download apple name file path is: /Users/leodong/.config/Wondershare/Dr.Fone/Drivers/AppleiOSNames.plist
03/12/2020 21:20:52 start update apple name file
03/12/2020 21:20:52 Old apple name path is: /Users/leodong/Library/Application Support/DrFoneApps/com.wondershare.drfonemac.eraser/dr.fone-Data Eraser.app/Contents/Resources/Drivers/AppleiOSNames.plist
03/12/2020 21:20:52 end update apple name file
03/12/2020 21:20:52 Download apple name file success 
03/12/2020 21:20:52 <SE_MainControl> StepChanged: LoadInfo - LoadInfo - 
03/12/2020 21:20:52 Connection step Finished
03/12/2020 21:20:52 [DC_UsbTask] end GetConnectTask : True
03/12/2020 21:20:52 <SE_MainControl> StepChanged: Finished - Finished - 
03/12/2020 21:20:52 Manufacturer:Apple Inc.
03/12/2020 21:20:52 Model:iPhone X
03/12/2020 21:20:52 SerialNumber:GHLCG84KJCLH
03/12/2020 21:20:52 OSPlatform:iOS
03/12/2020 21:20:52 OSVersion:14.1
03/12/2020 21:20:52 Carrier:中国联通
03/12/2020 21:20:52 Name:iPhone
03/12/2020 21:20:52 Locale:en_GB
03/12/2020 21:20:52 <SE_MainCtrl>: Connect Success, start load devinfo
03/12/2020 21:20:52 Connection end IOService:/IOResources/AppleUSBHostResources/AppleUSBLegacyRoot/AppleUSBXHCI@00000000/iPhone@00200000 Online
03/12/2020 21:20:53 Connection step Completed
03/12/2020 21:20:53 <SE_MainControl> StepChanged: Completed -  - 
03/12/2020 21:20:54 <SE> connect Animate finish
03/12/2020 21:21:00 SetSystemSleep start
03/12/2020 21:21:00 SetSystemSleep end
03/12/2020 21:21:00 <DeleteDirectory> start: /Users/leodong/.config/Wondershare_SafeEraser_Temp
